# JRE version: Java(TM) SE Runtime Environment (17.0.3+8) (build 17.0.3+8-LTS-111)
# Java VM: Java HotSpot(TM) 64-Bit Server VM (17.0.3+8-LTS-111, mixed mode, emulated-client, sharing, tiered, compressed oops, compressed class ptrs, g1 gc, bsd-aarch64)
GC Precious Log:
 CPUs: 10 total, 10 available
 Memory: 32768M
 Large Page Support: Disabled
 NUMA Support: Disabled
 Compressed Oops: Enabled (Zero based)
 Heap Region Size: 4M
 Heap Min Capacity: 8M
 Heap Initial Capacity: 512M
 Heap Max Capacity: 8G
 Pre-touch: Disabled
 Parallel Workers: 9
 Concurrent Workers: 2
 Concurrent Refinement Workers: 9
 Periodic GC: Disabled
Heap:
 garbage-first heap   total 131072K, used 63354K [0x0000000600000000, 0x0000000800000000)
  region size 4096K, 3 young (12288K), 2 survivors (8192K)
 Metaspace       used 70753K, committed 71360K, reserved 1114112K
  class space    used 9831K, committed 10112K, reserved 1048576K
GC Heap History (20 events):
Event: 0.606 GC heap before
{Heap before GC invocations=3 (full 0):
 garbage-first heap   total 532480K, used 44481K [0x0000000600000000, 0x0000000800000000)
  region size 4096K, 10 young (40960K), 2 survivors (8192K)
 Metaspace       used 21257K, committed 21504K, reserved 1073152K
  class space    used 2929K, committed 3072K, reserved 1048576K
}
Event: 0.608 GC heap after
{Heap after GC invocations=4 (full 0):
 garbage-first heap   total 532480K, used 17953K [0x0000000600000000, 0x0000000800000000)
  region size 4096K, 2 young (8192K), 2 survivors (8192K)
 Metaspace       used 21257K, committed 21504K, reserved 1073152K
  class space    used 2929K, committed 3072K, reserved 1048576K
}
Event: 0.925 GC heap before
{Heap before GC invocations=5 (full 0):
 garbage-first heap   total 98304K, used 71201K [0x0000000600000000, 0x0000000800000000)
  region size 4096K, 15 young (61440K), 2 survivors (8192K)
 Metaspace       used 28102K, committed 28544K, reserved 1073152K
  class space    used 3922K, committed 4096K, reserved 1048576K
}
Event: 0.929 GC heap after
{Heap after GC invocations=6 (full 0):
 garbage-first heap   total 98304K, used 21921K [0x0000000600000000, 0x0000000800000000)
  region size 4096K, 2 young (8192K), 2 survivors (8192K)
 Metaspace       used 28102K, committed 28544K, reserved 1073152K
  class space    used 3922K, committed 4096K, reserved 1048576K
}
Event: 0.951 GC heap before
{Heap before GC invocations=6 (full 0):
 garbage-first heap   total 98304K, used 26017K [0x0000000600000000, 0x0000000800000000)
  region size 4096K, 3 young (12288K), 2 survivors (8192K)
 Metaspace       used 28510K, committed 28928K, reserved 1081344K
  class space    used 3983K, committed 4160K, reserved 1048576K
}
Event: 0.956 GC heap after
{Heap after GC invocations=7 (full 0):
 garbage-first heap   total 311296K, used 22856K [0x0000000600000000, 0x0000000800000000)
  region size 4096K, 1 young (4096K), 1 survivors (4096K)
 Metaspace       used 28510K, committed 28928K, reserved 1081344K
  class space    used 3983K, committed 4160K, reserved 1048576K
}
Event: 1.134 GC heap before
{Heap before GC invocations=7 (full 0):
 garbage-first heap   total 311296K, used 63816K [0x0000000600000000, 0x0000000800000000)
  region size 4096K, 12 young (49152K), 1 survivors (4096K)
 Metaspace       used 35530K, committed 35968K, reserved 1081344K
  class space    used 4844K, committed 5056K, reserved 1048576K
}
Event: 1.136 GC heap after
{Heap after GC invocations=8 (full 0):
 garbage-first heap   total 311296K, used 24129K [0x0000000600000000, 0x0000000800000000)
  region size 4096K, 1 young (4096K), 1 survivors (4096K)
 Metaspace       used 35530K, committed 35968K, reserved 1081344K
  class space    used 4844K, committed 5056K, reserved 1048576K
}
Event: 1.466 GC heap before
{Heap before GC invocations=9 (full 0):
 garbage-first heap   total 122880K, used 93761K [0x0000000600000000, 0x0000000800000000)
  region size 4096K, 18 young (73728K), 1 survivors (4096K)
 Metaspace       used 47447K, committed 47936K, reserved 1097728K
  class space    used 6650K, committed 6912K, reserved 1048576K
}
Event: 1.468 GC heap after
{Heap after GC invocations=10 (full 0):
 garbage-first heap   total 122880K, used 26666K [0x0000000600000000, 0x0000000800000000)
  region size 4096K, 2 young (8192K), 2 survivors (8192K)
 Metaspace       used 47447K, committed 47936K, reserved 1097728K
  class space    used 6650K, committed 6912K, reserved 1048576K
}
Event: 1.487 GC heap before
{Heap before GC invocations=10 (full 0):
 garbage-first heap   total 122880K, used 30762K [0x0000000600000000, 0x0000000800000000)
  region size 4096K, 3 young (12288K), 2 survivors (8192K)
 Metaspace       used 47544K, committed 48064K, reserved 1097728K
  class space    used 6664K, committed 6912K, reserved 1048576K
}
Event: 1.489 GC heap after
{Heap after GC invocations=11 (full 0):
 garbage-first heap   total 122880K, used 26874K [0x0000000600000000, 0x0000000800000000)
  region size 4096K, 1 young (4096K), 1 survivors (4096K)
 Metaspace       used 47544K, committed 48064K, reserved 1097728K
  class space    used 6664K, committed 6912K, reserved 1048576K
}
Event: 1.788 GC heap before
{Heap before GC invocations=11 (full 0):
 garbage-first heap   total 122880K, used 84218K [0x0000000600000000, 0x0000000800000000)
  region size 4096K, 15 young (61440K), 1 survivors (4096K)
 Metaspace       used 57324K, committed 57856K, reserved 1105920K
  class space    used 8024K, committed 8256K, reserved 1048576K
}
Event: 1.790 GC heap after
{Heap after GC invocations=12 (full 0):
 garbage-first heap   total 122880K, used 30196K [0x0000000600000000, 0x0000000800000000)
  region size 4096K, 1 young (4096K), 1 survivors (4096K)
 Metaspace       used 57324K, committed 57856K, reserved 1105920K
  class space    used 8024K, committed 8256K, reserved 1048576K
}
Event: 1.920 GC heap before
{Heap before GC invocations=12 (full 0):
 garbage-first heap   total 122880K, used 71156K [0x0000000600000000, 0x0000000800000000)
  region size 4096K, 12 young (49152K), 1 survivors (4096K)
 Metaspace       used 59926K, committed 60480K, reserved 1105920K
  class space    used 8347K, committed 8640K, reserved 1048576K
}
Event: 1.922 GC heap after
{Heap after GC invocations=13 (full 0):
 garbage-first heap   total 122880K, used 32945K [0x0000000600000000, 0x0000000800000000)
  region size 4096K, 2 young (8192K), 2 survivors (8192K)
 Metaspace       used 59926K, committed 60480K, reserved 1105920K
  class space    used 8347K, committed 8640K, reserved 1048576K
}
Event: 2.197 GC heap before
{Heap before GC invocations=14 (full 0):
 garbage-first heap   total 122880K, used 86193K [0x0000000600000000, 0x0000000800000000)
  region size 4096K, 15 young (61440K), 2 survivors (8192K)
 Metaspace       used 65102K, committed 65664K, reserved 1105920K
  class space    used 9149K, committed 9408K, reserved 1048576K
}
Event: 2.201 GC heap after
{Heap after GC invocations=15 (full 0):
 garbage-first heap   total 122880K, used 37127K [0x0000000600000000, 0x0000000800000000)
  region size 4096K, 2 young (8192K), 2 survivors (8192K)
 Metaspace       used 65102K, committed 65664K, reserved 1105920K
  class space    used 9149K, committed 9408K, reserved 1048576K
}
Event: 15.544 GC heap before
{Heap before GC invocations=15 (full 0):
 garbage-first heap   total 122880K, used 73991K [0x0000000600000000, 0x0000000800000000)
  region size 4096K, 9 young (36864K), 2 survivors (8192K)
 Metaspace       used 70751K, committed 71360K, reserved 1114112K
  class space    used 9830K, committed 10112K, reserved 1048576K
}
Event: 15.548 GC heap after
{Heap after GC invocations=16 (full 0):
 garbage-first heap   total 122880K, used 55162K [0x0000000600000000, 0x0000000800000000)
  region size 4096K, 2 young (8192K), 2 survivors (8192K)
 Metaspace       used 70751K, committed 71360K, reserved 1114112K
  class space    used 9830K, committed 10112K, reserved 1048576K
}

