# JRE version: Java(TM) SE Runtime Environment (17.0.3+8) (build 17.0.3+8-LTS-111)
# Java VM: Java HotSpot(TM) 64-Bit Server VM (17.0.3+8-LTS-111, mixed mode, emulated-client, sharing, tiered, compressed oops, compressed class ptrs, g1 gc, bsd-aarch64)
GC Precious Log:
 CPUs: 10 total, 10 available
 Memory: 32768M
 Large Page Support: Disabled
 NUMA Support: Disabled
 Compressed Oops: Enabled (Zero based)
 Heap Region Size: 4M
 Heap Min Capacity: 8M
 Heap Initial Capacity: 512M
 Heap Max Capacity: 8G
 Pre-touch: Disabled
 Parallel Workers: 9
 Concurrent Workers: 2
 Concurrent Refinement Workers: 9
 Periodic GC: Disabled
Heap:
 garbage-first heap   total 122880K, used 63154K [0x0000000600000000, 0x0000000800000000)
  region size 4096K, 2 young (8192K), 1 survivors (4096K)
 Metaspace       used 70753K, committed 71360K, reserved 1114112K
  class space    used 9831K, committed 10112K, reserved 1048576K
GC Heap History (20 events):
Event: 0.679 GC heap before
{Heap before GC invocations=3 (full 0):
 garbage-first heap   total 532480K, used 48548K [0x0000000600000000, 0x0000000800000000)
  region size 4096K, 11 young (45056K), 2 survivors (8192K)
 Metaspace       used 21251K, committed 21504K, reserved 1073152K
  class space    used 2927K, committed 3072K, reserved 1048576K
}
Event: 0.681 GC heap after
{Heap after GC invocations=4 (full 0):
 garbage-first heap   total 532480K, used 18094K [0x0000000600000000, 0x0000000800000000)
  region size 4096K, 2 young (8192K), 2 survivors (8192K)
 Metaspace       used 21251K, committed 21504K, reserved 1073152K
  class space    used 2927K, committed 3072K, reserved 1048576K
}
Event: 1.000 GC heap before
{Heap before GC invocations=5 (full 0):
 garbage-first heap   total 98304K, used 67246K [0x0000000600000000, 0x0000000800000000)
  region size 4096K, 14 young (57344K), 2 survivors (8192K)
 Metaspace       used 27063K, committed 27456K, reserved 1073152K
  class space    used 3817K, committed 3968K, reserved 1048576K
}
Event: 1.004 GC heap after
{Heap after GC invocations=6 (full 0):
 garbage-first heap   total 98304K, used 21611K [0x0000000600000000, 0x0000000800000000)
  region size 4096K, 2 young (8192K), 2 survivors (8192K)
 Metaspace       used 27063K, committed 27456K, reserved 1073152K
  class space    used 3817K, committed 3968K, reserved 1048576K
}
Event: 1.039 GC heap before
{Heap before GC invocations=6 (full 0):
 garbage-first heap   total 98304K, used 25707K [0x0000000600000000, 0x0000000800000000)
  region size 4096K, 3 young (12288K), 2 survivors (8192K)
 Metaspace       used 27947K, committed 28352K, reserved 1073152K
  class space    used 3901K, committed 4096K, reserved 1048576K
}
Event: 1.044 GC heap after
{Heap after GC invocations=7 (full 0):
 garbage-first heap   total 311296K, used 22379K [0x0000000600000000, 0x0000000800000000)
  region size 4096K, 1 young (4096K), 1 survivors (4096K)
 Metaspace       used 27947K, committed 28352K, reserved 1073152K
  class space    used 3901K, committed 4096K, reserved 1048576K
}
Event: 1.324 GC heap before
{Heap before GC invocations=7 (full 0):
 garbage-first heap   total 311296K, used 63339K [0x0000000600000000, 0x0000000800000000)
  region size 4096K, 12 young (49152K), 1 survivors (4096K)
 Metaspace       used 35556K, committed 35968K, reserved 1081344K
  class space    used 4830K, committed 5056K, reserved 1048576K
}
Event: 1.326 GC heap after
{Heap after GC invocations=8 (full 0):
 garbage-first heap   total 311296K, used 24005K [0x0000000600000000, 0x0000000800000000)
  region size 4096K, 1 young (4096K), 1 survivors (4096K)
 Metaspace       used 35556K, committed 35968K, reserved 1081344K
  class space    used 4830K, committed 5056K, reserved 1048576K
}
Event: 1.703 GC heap before
{Heap before GC invocations=9 (full 0):
 garbage-first heap   total 122880K, used 93637K [0x0000000600000000, 0x0000000800000000)
  region size 4096K, 18 young (73728K), 1 survivors (4096K)
 Metaspace       used 47421K, committed 47936K, reserved 1097728K
  class space    used 6649K, committed 6912K, reserved 1048576K
}
Event: 1.705 GC heap after
{Heap after GC invocations=10 (full 0):
 garbage-first heap   total 122880K, used 26610K [0x0000000600000000, 0x0000000800000000)
  region size 4096K, 2 young (8192K), 2 survivors (8192K)
 Metaspace       used 47421K, committed 47936K, reserved 1097728K
  class space    used 6649K, committed 6912K, reserved 1048576K
}
Event: 1.727 GC heap before
{Heap before GC invocations=10 (full 0):
 garbage-first heap   total 122880K, used 30706K [0x0000000600000000, 0x0000000800000000)
  region size 4096K, 3 young (12288K), 2 survivors (8192K)
 Metaspace       used 47506K, committed 48000K, reserved 1097728K
  class space    used 6660K, committed 6912K, reserved 1048576K
}
Event: 1.730 GC heap after
{Heap after GC invocations=11 (full 0):
 garbage-first heap   total 122880K, used 26832K [0x0000000600000000, 0x0000000800000000)
  region size 4096K, 1 young (4096K), 1 survivors (4096K)
 Metaspace       used 47506K, committed 48000K, reserved 1097728K
  class space    used 6660K, committed 6912K, reserved 1048576K
}
Event: 2.070 GC heap before
{Heap before GC invocations=11 (full 0):
 garbage-first heap   total 122880K, used 84176K [0x0000000600000000, 0x0000000800000000)
  region size 4096K, 15 young (61440K), 1 survivors (4096K)
 Metaspace       used 57033K, committed 57600K, reserved 1105920K
  class space    used 8002K, committed 8256K, reserved 1048576K
}
Event: 2.072 GC heap after
{Heap after GC invocations=12 (full 0):
 garbage-first heap   total 122880K, used 30126K [0x0000000600000000, 0x0000000800000000)
  region size 4096K, 1 young (4096K), 1 survivors (4096K)
 Metaspace       used 57033K, committed 57600K, reserved 1105920K
  class space    used 8002K, committed 8256K, reserved 1048576K
}
Event: 2.210 GC heap before
{Heap before GC invocations=12 (full 0):
 garbage-first heap   total 122880K, used 66990K [0x0000000600000000, 0x0000000800000000)
  region size 4096K, 11 young (45056K), 1 survivors (4096K)
 Metaspace       used 59723K, committed 60288K, reserved 1105920K
  class space    used 8320K, committed 8576K, reserved 1048576K
}
Event: 2.212 GC heap after
{Heap after GC invocations=13 (full 0):
 garbage-first heap   total 122880K, used 32569K [0x0000000600000000, 0x0000000800000000)
  region size 4096K, 2 young (8192K), 2 survivors (8192K)
 Metaspace       used 59723K, committed 60288K, reserved 1105920K
  class space    used 8320K, committed 8576K, reserved 1048576K
}
Event: 2.509 GC heap before
{Heap before GC invocations=14 (full 0):
 garbage-first heap   total 122880K, used 81721K [0x0000000600000000, 0x0000000800000000)
  region size 4096K, 15 young (61440K), 2 survivors (8192K)
 Metaspace       used 64787K, committed 65344K, reserved 1105920K
  class space    used 9096K, committed 9344K, reserved 1048576K
}
Event: 2.512 GC heap after
{Heap after GC invocations=15 (full 0):
 garbage-first heap   total 122880K, used 36836K [0x0000000600000000, 0x0000000800000000)
  region size 4096K, 2 young (8192K), 2 survivors (8192K)
 Metaspace       used 64787K, committed 65344K, reserved 1105920K
  class space    used 9096K, committed 9344K, reserved 1048576K
}
Event: 11.167 GC heap before
{Heap before GC invocations=15 (full 0):
 garbage-first heap   total 122880K, used 77796K [0x0000000600000000, 0x0000000800000000)
  region size 4096K, 10 young (40960K), 2 survivors (8192K)
 Metaspace       used 70747K, committed 71360K, reserved 1114112K
  class space    used 9830K, committed 10112K, reserved 1048576K
}
Event: 11.170 GC heap after
{Heap after GC invocations=16 (full 0):
 garbage-first heap   total 122880K, used 54962K [0x0000000600000000, 0x0000000800000000)
  region size 4096K, 1 young (4096K), 1 survivors (4096K)
 Metaspace       used 70747K, committed 71360K, reserved 1114112K
  class space    used 9830K, committed 10112K, reserved 1048576K
}

