# JRE version: Java(TM) SE Runtime Environment (17.0.3+8) (build 17.0.3+8-LTS-111)
# Java VM: Java HotSpot(TM) 64-Bit Server VM (17.0.3+8-LTS-111, mixed mode, emulated-client, sharing, tiered, compressed oops, compressed class ptrs, g1 gc, bsd-aarch64)
GC Precious Log:
 CPUs: 10 total, 10 available
 Memory: 32768M
 Large Page Support: Disabled
 NUMA Support: Disabled
 Compressed Oops: Enabled (Zero based)
 Heap Region Size: 4M
 Heap Min Capacity: 8M
 Heap Initial Capacity: 512M
 Heap Max Capacity: 8G
 Pre-touch: Disabled
 Parallel Workers: 9
 Concurrent Workers: 2
 Concurrent Refinement Workers: 9
 Periodic GC: Disabled
Heap:
 garbage-first heap   total 122880K, used 62878K [0x0000000600000000, 0x0000000800000000)
  region size 4096K, 2 young (8192K), 1 survivors (4096K)
 Metaspace       used 69966K, committed 70528K, reserved 1114112K
  class space    used 9729K, committed 9984K, reserved 1048576K
GC Heap History (20 events):
Event: 0.628 GC heap before
{Heap before GC invocations=3 (full 0):
 garbage-first heap   total 532480K, used 48778K [0x0000000600000000, 0x0000000800000000)
  region size 4096K, 11 young (45056K), 2 survivors (8192K)
 Metaspace       used 21250K, committed 21504K, reserved 1073152K
  class space    used 2926K, committed 3072K, reserved 1048576K
}
Event: 0.630 GC heap after
{Heap after GC invocations=4 (full 0):
 garbage-first heap   total 532480K, used 18040K [0x0000000600000000, 0x0000000800000000)
  region size 4096K, 2 young (8192K), 2 survivors (8192K)
 Metaspace       used 21250K, committed 21504K, reserved 1073152K
  class space    used 2926K, committed 3072K, reserved 1048576K
}
Event: 0.943 GC heap before
{Heap before GC invocations=5 (full 0):
 garbage-first heap   total 98304K, used 71288K [0x0000000600000000, 0x0000000800000000)
  region size 4096K, 16 young (65536K), 2 survivors (8192K)
 Metaspace       used 28377K, committed 28800K, reserved 1081344K
  class space    used 3965K, committed 4160K, reserved 1048576K
}
Event: 0.948 GC heap after
{Heap after GC invocations=6 (full 0):
 garbage-first heap   total 98304K, used 22105K [0x0000000600000000, 0x0000000800000000)
  region size 4096K, 2 young (8192K), 2 survivors (8192K)
 Metaspace       used 28377K, committed 28800K, reserved 1081344K
  class space    used 3965K, committed 4160K, reserved 1048576K
}
Event: 0.969 GC heap before
{Heap before GC invocations=6 (full 0):
 garbage-first heap   total 98304K, used 22105K [0x0000000600000000, 0x0000000800000000)
  region size 4096K, 3 young (12288K), 2 survivors (8192K)
 Metaspace       used 28901K, committed 29312K, reserved 1081344K
  class space    used 4014K, committed 4224K, reserved 1048576K
}
Event: 0.973 GC heap after
{Heap after GC invocations=7 (full 0):
 garbage-first heap   total 311296K, used 22986K [0x0000000600000000, 0x0000000800000000)
  region size 4096K, 1 young (4096K), 1 survivors (4096K)
 Metaspace       used 28901K, committed 29312K, reserved 1081344K
  class space    used 4014K, committed 4224K, reserved 1048576K
}
Event: 1.150 GC heap before
{Heap before GC invocations=7 (full 0):
 garbage-first heap   total 311296K, used 55754K [0x0000000600000000, 0x0000000800000000)
  region size 4096K, 10 young (40960K), 1 survivors (4096K)
 Metaspace       used 35518K, committed 35968K, reserved 1081344K
  class space    used 4827K, committed 5056K, reserved 1048576K
}
Event: 1.151 GC heap after
{Heap after GC invocations=8 (full 0):
 garbage-first heap   total 311296K, used 24040K [0x0000000600000000, 0x0000000800000000)
  region size 4096K, 1 young (4096K), 1 survivors (4096K)
 Metaspace       used 35518K, committed 35968K, reserved 1081344K
  class space    used 4827K, committed 5056K, reserved 1048576K
}
Event: 1.481 GC heap before
{Heap before GC invocations=9 (full 0):
 garbage-first heap   total 122880K, used 93672K [0x0000000600000000, 0x0000000800000000)
  region size 4096K, 18 young (73728K), 1 survivors (4096K)
 Metaspace       used 47440K, committed 47936K, reserved 1097728K
  class space    used 6648K, committed 6912K, reserved 1048576K
}
Event: 1.483 GC heap after
{Heap after GC invocations=10 (full 0):
 garbage-first heap   total 122880K, used 26667K [0x0000000600000000, 0x0000000800000000)
  region size 4096K, 2 young (8192K), 2 survivors (8192K)
 Metaspace       used 47440K, committed 47936K, reserved 1097728K
  class space    used 6648K, committed 6912K, reserved 1048576K
}
Event: 1.503 GC heap before
{Heap before GC invocations=10 (full 0):
 garbage-first heap   total 122880K, used 30763K [0x0000000600000000, 0x0000000800000000)
  region size 4096K, 3 young (12288K), 2 survivors (8192K)
 Metaspace       used 47537K, committed 48000K, reserved 1097728K
  class space    used 6662K, committed 6912K, reserved 1048576K
}
Event: 1.505 GC heap after
{Heap after GC invocations=11 (full 0):
 garbage-first heap   total 122880K, used 26854K [0x0000000600000000, 0x0000000800000000)
  region size 4096K, 1 young (4096K), 1 survivors (4096K)
 Metaspace       used 47537K, committed 48000K, reserved 1097728K
  class space    used 6662K, committed 6912K, reserved 1048576K
}
Event: 1.780 GC heap before
{Heap before GC invocations=11 (full 0):
 garbage-first heap   total 122880K, used 84198K [0x0000000600000000, 0x0000000800000000)
  region size 4096K, 15 young (61440K), 1 survivors (4096K)
 Metaspace       used 57330K, committed 57856K, reserved 1105920K
  class space    used 8024K, committed 8256K, reserved 1048576K
}
Event: 1.781 GC heap after
{Heap after GC invocations=12 (full 0):
 garbage-first heap   total 122880K, used 30018K [0x0000000600000000, 0x0000000800000000)
  region size 4096K, 1 young (4096K), 1 survivors (4096K)
 Metaspace       used 57330K, committed 57856K, reserved 1105920K
  class space    used 8024K, committed 8256K, reserved 1048576K
}
Event: 1.898 GC heap before
{Heap before GC invocations=12 (full 0):
 garbage-first heap   total 122880K, used 66882K [0x0000000600000000, 0x0000000800000000)
  region size 4096K, 11 young (45056K), 1 survivors (4096K)
 Metaspace       used 59717K, committed 60288K, reserved 1105920K
  class space    used 8315K, committed 8576K, reserved 1048576K
}
Event: 1.900 GC heap after
{Heap after GC invocations=13 (full 0):
 garbage-first heap   total 122880K, used 32470K [0x0000000600000000, 0x0000000800000000)
  region size 4096K, 2 young (8192K), 2 survivors (8192K)
 Metaspace       used 59717K, committed 60288K, reserved 1105920K
  class space    used 8315K, committed 8576K, reserved 1048576K
}
Event: 2.170 GC heap before
{Heap before GC invocations=14 (full 0):
 garbage-first heap   total 122880K, used 81622K [0x0000000600000000, 0x0000000800000000)
  region size 4096K, 15 young (61440K), 2 survivors (8192K)
 Metaspace       used 64744K, committed 65280K, reserved 1105920K
  class space    used 9086K, committed 9344K, reserved 1048576K
}
Event: 2.173 GC heap after
{Heap after GC invocations=15 (full 0):
 garbage-first heap   total 122880K, used 36796K [0x0000000600000000, 0x0000000800000000)
  region size 4096K, 2 young (8192K), 2 survivors (8192K)
 Metaspace       used 64744K, committed 65280K, reserved 1105920K
  class space    used 9086K, committed 9344K, reserved 1048576K
}
Event: 17.278 GC heap before
{Heap before GC invocations=15 (full 0):
 garbage-first heap   total 122880K, used 73660K [0x0000000600000000, 0x0000000800000000)
  region size 4096K, 9 young (36864K), 2 survivors (8192K)
 Metaspace       used 69963K, committed 70528K, reserved 1114112K
  class space    used 9729K, committed 9984K, reserved 1048576K
}
Event: 17.281 GC heap after
{Heap after GC invocations=16 (full 0):
 garbage-first heap   total 122880K, used 54686K [0x0000000600000000, 0x0000000800000000)
  region size 4096K, 1 young (4096K), 1 survivors (4096K)
 Metaspace       used 69963K, committed 70528K, reserved 1114112K
  class space    used 9729K, committed 9984K, reserved 1048576K
}

